INFO  WorkerServer:253 -[main] Initializing workeINFO  Server:327 -[main] jetty-9.2.9.v20150224
INFO  ContextHandler:744 -[main] Started o.e.j.w.WebAppContext@366e2eef{/,file:/Users/lyifan/Desktop/555project/resources/,INFO  log:1INFO  ServerConnector:266 -[main] Started ServerConnector@581e62ab{HTTP/1.1}{0.0.0.0:8080}
INFINFO  ServerConnector:266 -[Thread-1] INFO  MasterServlet:169 -[qtp654845766-14]  -- 8000	IDLE	N/A -- 
INFO  MasterServlet:169 -[qtp6548457IINFO  DistributedCluster:71 INFO  MasterServlet:169 -[qtp654845766-13]  -- 8000	REDUCING	job1 -- 
INFO  MasterServlet:169 -[qtp654845766-14]  -- 8001	IDLE	job1 -- 
INFO  MasterServlet:169 -[qtp654845766-12]  -- 8000	IDLE	job1 -- 
INFO  MasterServlet:169 -[qtp654845766-10]  -- 8001	IDLE	job1 -- 
INFO  MasterServlet:169 -[qtp654845766-13]  -- 8000	IDLE	job1 -- 
INFO  MasterServlet:169 -[qtp654845766-14]  -- 8001	IDLE	job1 -- 
INFO  MasterServlet:169 -[qtp654845766-17]  -- 8000	IDLE	job1 -- 
INFO  MasterServlet:169 -[qtp654845766-12]  -- 8001	IDLE	job1 -- 
INFO  MasterServlet:169 -[qtp654845766-10]  -- 8000	IDLE	job1 -- 
INFO  MasterServlet:169 -[qtp654845766-13]  -- 8001	IDLE	job1 -- 
INFO  MasterServlet:169 -[qtp654845766-14]  -- 8000	IDLE	job1 -- 
INFO  MasterServlet:169 -[qtp654845766-17]  -- 8001	IDLE	job1 -- 
INFO  MasterServlet:169 -[qtp654845766-12]  -- 8000	IDLE	job1 -- 
INFO  MasterServlet:169 -[qtp654845766-13]  -- 8001	IDLE	job1 -- 
INFO  MasterServlet:169 -[qtp654845766-17]  -- 8000	IDLE	job1 -- 
INFO  MasterServlet:169 -[qtp654845766-10]  -- 8001	IDLE	job1 -- 
INFO  MasterServlet:169 -[qtp654845766-14]  -- 8000	IDLE	job1 -- 
INFO  MasterServlet:169 -[qtp654845766-12]  -- 8001	IDLE	job1 -- 
INFO  MasterServlet:169 -[qtp654845766-13]  -- 8000	IDLE	job1 -- 
INFO  MasterServlet:169 -[qtp654845766-17]  -- 8001	IDLE	job1 -- 
INFO  MasterServlet:169 -[qtp654845766-10]  -- 8000	IDLE	job1 -- 
INFO  MasterServlet:169 -[qtp654845766-14]  -- 8001	IDLE	job1 -- 
INFO  MasterServlet:169 -[qtp654845766-12]  -- 8000	IDLE	job1 -- 
INFO  MasterServlet:169 -[qtp654845766-13]  -- 8001	IDLE	job1 -- 
INFO  MasterServlet:169 -[qtp654845766-17]  -- 8000	IDLE	job1 -- 
INFO  MasterServlet:169 -[qtp654845766-13]  -- 8001	IDLE	job1 -- 
INFO  MasterServlet:169 -[qtp654845766-12]  -- 8000	IDLE	job1 -- 
INFO  MasterServlet:169 -[qtp654845766-14]  -- 8001	IDLE	job1 -- 
INFO  MasterServlet:169 -[qtp654845766-10]  -- 8000	IDLE	job1 -- 
INFO  MasterServlet:169 -[qtp654845766-17]  -- 8001	IDLE	job1 -- 
INFO  MasterServlet:169 -[qtp654845766-13]  -- 8000	IDLE	job1 -- 
INFO  MasterServlet:169 -[qtp654845766-12]  -- 8001	IDLE	job1 -- 
INFO  MasterServlet:169 -[qtp654845766-14]  -- 8000	IDLE	job1 -- 
INFO  MasterServlet:169 -[qtp654845766-10]  -- 8001	IDLE	job1 -- 
INFO  MasterServlet:169 -[qtp654845766-17]  -- 8000	IDLE	job1 -- 
INFO  MasterServlet:169 -[qtp654845766-13]  -- 8001	IDLE	job1 -- 
INFO  MasterServlet:169 -[qtp654845766-12]  -- 8000	IDLE	job1 -- 
INFO  MasterServlet:169 -[qtp654845766-14]  -- 8001	IDLE	job1 -- 
INFO  MasterServlet:169 -[qtp654845766-10]  -- 8000	IDLE	job1 -- 
INFO  MasterServlet:169 -[qtp654845766-17]  -- 8001	IDLE	job1 -- 
INFO  MasterServlet:169 -[qtp654845766-13]  -- 8000	IDLE	job1 -- 
INFO  MasterServlet:169 -[qtp654845766-12]  -- 8001	IDLE	job1 -- 
INFO  MasterServlet:169 -[qtp654845766-14]  -- 8000	IDLE	job1 -- 
INFO  MasterServlet:169 -[qtp654845766-10]  -- 8001	IDLE	job1 -- 
: Secondary reducer received: Go Puff -> U-haul
INFO  SecondReducerBolt:113 -[pool-1-thread-6] Server#0: Secondary reducer received: Amazon -> GE
INFO  SecondReducerBolt:113 -[pool-1-thread-1] Server#0: Secondary reducer received: Amazon -> Snapchat
INFO  SecondReducerBolt:113 -[pool-1-thread-10] Server#0: Secondary reducer received: Amazon -> MicroINFO  SecondReducerBolt:113 -[pool-1-thread-3] Server#1: Secondary reducer received: USPS -> Go Puff
INFO  SecondReducerBolt:113 -[pool-1-thread-5] Server#1: Secondary reducer received: Boeing -> Honeywell
INFO  SecondReducerBolt:113 -[pool-1-thread-2] Server#1: Secondary reducer received: U-haul -> Go Puff
INFO  SecondReducerBolt:113 -[pool-1-thread-2] Server#1: Secondary reducer received: U-haul -> USPS
INFO  SecondReducerBolt:113 -[pool-1-thread-2] Server#1: Secondary reducer received: Amazon -> Ford
INFO  SecondReducerBolt:113 -[pool-1-thread-2] Server#1: Secondary reducer received: facebook -> twitter
INFO  SecondReducerBolt:66 -[pool-1-thread-7] start second level reduction
INFO  SecondReducerBolt:72 -[pool-1-thread-7] {OneSubSea=[Chevron], Go Puff=[USPS, U-haul], Honeywell=[Boeing], Ford=[Tesla, Amazon], twitter=[facebook], USPS=[Go Puff, U-haul]}
INFO  DistributedCluster:270 -[Thread-0] Shutting down distributed cluster.
INFO  DistributedCluster:270 -[qtp1617033073-18] Shutting down distributed cluster.
INFO  WorkerServer:117 -[Thread-0] WorkerServer has stopped.
hread-6] Server#0: Secondary reducer received: Go Puff -> UPS
INFO  SecondReducerBolt:113 -[pool-1-thread-8] Server#0: Secondary reducer received: Go Puff -> Caviar
INFO  SecondReducerBolt:66 -[pool-1-thread-3] start second level reduction
INFO  SecondReducerBolt:72 -[pool-1-thread-3] {Caviar=[Go Puff], SpaceX=[facebook], Snapchat=[Amazon], Washington Post=[Times, NYTimes], LinkedIn=[Google], Shell=[Chevron], PlayBoy=[Times], New Yorker=[Times], UPS=[U-haul, Go Puff], Microsoft=[Amazon], Amazon=[Google], Facebook=[Google], U-haul=[Go Puff], GE=[Amazon]}
INFO  DistributedCluster:270 -[Thread-0] Shutting down distributed cluster.
INFO  DistributedCluster:270 -[qtp1617033073-20] Shutting down distributed cluster.
INFO  WorkerServer:117 -[Thread-0] WorkerServer has stopped.
